<?xml version="1.0" encoding="UTF-8"?>
<!-- Generated by org.testng.reporters.JUnitXMLReporter -->
<testsuite ignored="0" hostname="LAPTOP-RJ1TA7IM" failures="1" tests="4" name="Delete Customer API test" time="2.293" errors="0" timestamp="30 Apr 2020 13:04:23 GMT">
  <testcase classname="com.amit.APITestingFramework.testcases.DeleteCustomerTest" name="deleteCustomer" time="2.237"/>
  <testcase classname="com.amit.APITestingFramework.testcases.DeleteCustomerTest" name="deleteCustomer" time="2.237">
    <failure type="java.lang.AssertionError" message="ID key is not present in the JSON response expected [true] but found [false]">
      <![CDATA[java.lang.AssertionError: ID key is not present in the JSON response expected [true] but found [false]
at com.amit.APITestingFramework.testcases.DeleteCustomerTest.deleteCustomer(DeleteCustomerTest.java:45)
at java.base/java.util.concurrent.FutureTask.run(FutureTask.java:264)
at java.base/java.util.concurrent.Executors$RunnableAdapter.call(Executors.java:515)
at java.base/java.util.concurrent.FutureTask.run(FutureTask.java:264)
at java.base/java.util.concurrent.ThreadPoolExecutor.runWorker(ThreadPoolExecutor.java:1128)
at java.base/java.util.concurrent.ThreadPoolExecutor$Worker.run(ThreadPoolExecutor.java:628)
at java.base/java.lang.Thread.run(Thread.java:834)
... Removed 12 stack frames]]>
    </failure>
  </testcase> <!-- deleteCustomer -->
  <testcase classname="com.amit.APITestingFramework.testcases.DeleteCustomerTest" name="deleteCustomer" time="2.239"/>
  <testcase classname="com.amit.APITestingFramework.testcases.DeleteCustomerTest" name="deleteCustomer" time="2.241"/>
</testsuite> <!-- Delete Customer API test -->
