<?xml version="1.0" encoding="UTF-8"?>
<!-- Generated by org.testng.reporters.JUnitXMLReporter -->
<testsuite ignored="0" hostname="LAPTOP-RJ1TA7IM" failures="0" tests="4" name="Create Customer API test" time="7.749" errors="0" timestamp="07 May 2020 09:17:53 GMT">
  <testcase classname="com.amit.APITestingFramework.testcases.CreateCustommerTest" name="validateCreateCustomerAPIWithInValidSecretKey" time="4.687"/>
  <testcase classname="com.amit.APITestingFramework.testcases.CreateCustommerTest" name="validateCreateCustomerAPIWithValidSecretKey" time="2.982"/>
  <testcase classname="com.amit.APITestingFramework.testcases.CreateCustommerTest" name="validateCreateCustomerAPIWithValidSecretKey" time="3.017"/>
  <testcase classname="com.amit.APITestingFramework.testcases.CreateCustommerTest" name="validateCreateCustomerAPIWithValidSecretKey" time="3.019"/>
</testsuite> <!-- Create Customer API test -->
