<?xml version="1.0" encoding="UTF-8"?>
<!-- Generated by org.testng.reporters.JUnitXMLReporter -->
<testsuite ignored="0" hostname="LAPTOP-RJ1TA7IM" failures="0" tests="4" name="Create Customer API test" time="5.555" errors="0" timestamp="07 May 2020 09:29:16 GMT">
  <testcase classname="com.amit.APITestingFramework.testcases.CreateCustommerTest" name="validateCreateCustomerAPIWithInValidSecretKey" time="3.248"/>
  <testcase classname="com.amit.APITestingFramework.testcases.CreateCustommerTest" name="validateCreateCustomerAPIWithValidSecretKey" time="2.236"/>
  <testcase classname="com.amit.APITestingFramework.testcases.CreateCustommerTest" name="validateCreateCustomerAPIWithValidSecretKey" time="2.236"/>
  <testcase classname="com.amit.APITestingFramework.testcases.CreateCustommerTest" name="validateCreateCustomerAPIWithValidSecretKey" time="2.246"/>
</testsuite> <!-- Create Customer API test -->
