-------------------------------------------------------------------------------
Test set: TestSuite
-------------------------------------------------------------------------------
Tests run: 4, Failures: 1, Errors: 0, Skipped: 0, Time elapsed: 15.396 s <<< FAILURE! - in TestSuite
validateCreateCustomerAPIWithInValidSecretKey(com.amit.APITestingFramework.testcases.CreateCustommerTest)  Time elapsed: 3.259 s  <<< FAILURE!
java.lang.AssertionError: expected [200] but found [401]
	at com.amit.APITestingFramework.testcases.CreateCustommerTest.validateCreateCustomerAPIWithInValidSecretKey(CreateCustommerTest.java:41)

