<?xml version="1.0" encoding="UTF-8"?>
<testng-results ignored="0" total="4" passed="4" failed="0" skipped="0">
  <reporter-output>
  </reporter-output>
  <suite started-at="2020-05-07T09:17:45Z" name="Suite" finished-at="2020-05-07T09:17:53Z" duration-ms="7749">
    <groups>
    </groups>
    <test started-at="2020-05-07T09:17:45Z" name="Create Customer API test" finished-at="2020-05-07T09:17:53Z" duration-ms="7749">
      <class name="com.amit.APITestingFramework.testcases.CreateCustommerTest">
        <test-method is-config="true" signature="setUp()[pri:0, instance:com.amit.APITestingFramework.testcases.CreateCustommerTest@784b990c]" started-at="2020-05-07T09:17:45Z" name="setUp" finished-at="2020-05-07T09:17:45Z" duration-ms="353" status="PASS">
          <reporter-output>
          </reporter-output>
        </test-method> <!-- setUp -->
        <test-method signature="validateCreateCustomerAPIWithInValidSecretKey(java.util.Hashtable)[pri:0, instance:com.amit.APITestingFramework.testcases.CreateCustommerTest@784b990c]" started-at="2020-05-07T09:17:45Z" name="validateCreateCustomerAPIWithInValidSecretKey" data-provider="data" finished-at="2020-05-07T09:17:50Z" duration-ms="4687" status="PASS">
          <params>
            <param index="0">
              <value>
                <![CDATA[{email=java@way2automation.com, name=Rahul Arora, description=Adding the Second customer in framework}]]>
              </value>
            </param>
          </params>
          <reporter-output>
          </reporter-output>
        </test-method> <!-- validateCreateCustomerAPIWithInValidSecretKey -->
        <test-method signature="validateCreateCustomerAPIWithValidSecretKey(java.util.Hashtable)[pri:0, instance:com.amit.APITestingFramework.testcases.CreateCustommerTest@784b990c]" started-at="2020-05-07T09:17:50Z" name="validateCreateCustomerAPIWithValidSecretKey" data-provider="data" finished-at="2020-05-07T09:17:53Z" duration-ms="3019" status="PASS">
          <params>
            <param index="0">
              <value>
                <![CDATA[{email=java@way2automation.com, name=Rahul Arora, description=Adding the Second customer in framework}]]>
              </value>
            </param>
          </params>
          <reporter-output>
          </reporter-output>
        </test-method> <!-- validateCreateCustomerAPIWithValidSecretKey -->
        <test-method signature="validateCreateCustomerAPIWithValidSecretKey(java.util.Hashtable)[pri:0, instance:com.amit.APITestingFramework.testcases.CreateCustommerTest@784b990c]" started-at="2020-05-07T09:17:50Z" name="validateCreateCustomerAPIWithValidSecretKey" data-provider="data" finished-at="2020-05-07T09:17:53Z" duration-ms="3017" status="PASS">
          <params>
            <param index="0">
              <value>
                <![CDATA[{email=ishita@way2automation.com, name=Ishita Arora, description=Adding the forth Customer in framework}]]>
              </value>
            </param>
          </params>
          <reporter-output>
          </reporter-output>
        </test-method> <!-- validateCreateCustomerAPIWithValidSecretKey -->
        <test-method signature="validateCreateCustomerAPIWithValidSecretKey(java.util.Hashtable)[pri:0, instance:com.amit.APITestingFramework.testcases.CreateCustommerTest@784b990c]" started-at="2020-05-07T09:17:50Z" name="validateCreateCustomerAPIWithValidSecretKey" data-provider="data" finished-at="2020-05-07T09:17:53Z" duration-ms="2982" status="PASS">
          <params>
            <param index="0">
              <value>
                <![CDATA[{email=corporate@way2automation.com, name=Raman Arora, description=Adding the Third Customer in Framework}]]>
              </value>
            </param>
          </params>
          <reporter-output>
          </reporter-output>
        </test-method> <!-- validateCreateCustomerAPIWithValidSecretKey -->
        <test-method is-config="true" signature="tearDown()[pri:0, instance:com.amit.APITestingFramework.testcases.CreateCustommerTest@784b990c]" started-at="2020-05-07T09:17:53Z" name="tearDown" finished-at="2020-05-07T09:17:53Z" duration-ms="1" status="PASS">
          <reporter-output>
          </reporter-output>
        </test-method> <!-- tearDown -->
      </class> <!-- com.amit.APITestingFramework.testcases.CreateCustommerTest -->
    </test> <!-- Create Customer API test -->
  </suite> <!-- Suite -->
</testng-results>
