<?xml version="1.0" encoding="UTF-8"?>
<testng-results ignored="0" total="4" passed="4" failed="0" skipped="0">
  <reporter-output>
  </reporter-output>
  <suite started-at="2020-05-07T09:29:11Z" name="Suite" finished-at="2020-05-07T09:29:16Z" duration-ms="5555">
    <groups>
    </groups>
    <test started-at="2020-05-07T09:29:11Z" name="Create Customer API test" finished-at="2020-05-07T09:29:16Z" duration-ms="5555">
      <class name="com.amit.APITestingFramework.testcases.CreateCustommerTest">
        <test-method is-config="true" signature="setUp()[pri:0, instance:com.amit.APITestingFramework.testcases.CreateCustommerTest@25bc0606]" started-at="2020-05-07T09:29:10Z" name="setUp" finished-at="2020-05-07T09:29:11Z" duration-ms="399" status="PASS">
          <reporter-output>
          </reporter-output>
        </test-method> <!-- setUp -->
        <test-method signature="validateCreateCustomerAPIWithInValidSecretKey(java.util.Hashtable)[pri:0, instance:com.amit.APITestingFramework.testcases.CreateCustommerTest@25bc0606]" started-at="2020-05-07T09:29:11Z" name="validateCreateCustomerAPIWithInValidSecretKey" data-provider="data" finished-at="2020-05-07T09:29:14Z" duration-ms="3248" status="PASS">
          <params>
            <param index="0">
              <value>
                <![CDATA[{email=java@way2automation.com, name=Rahul Arora, description=Adding the Second customer in framework}]]>
              </value>
            </param>
          </params>
          <reporter-output>
          </reporter-output>
        </test-method> <!-- validateCreateCustomerAPIWithInValidSecretKey -->
        <test-method signature="validateCreateCustomerAPIWithValidSecretKey(java.util.Hashtable)[pri:0, instance:com.amit.APITestingFramework.testcases.CreateCustommerTest@25bc0606]" started-at="2020-05-07T09:29:14Z" name="validateCreateCustomerAPIWithValidSecretKey" data-provider="data" finished-at="2020-05-07T09:29:16Z" duration-ms="2236" status="PASS">
          <params>
            <param index="0">
              <value>
                <![CDATA[{email=java@way2automation.com, name=Rahul Arora, description=Adding the Second customer in framework}]]>
              </value>
            </param>
          </params>
          <reporter-output>
          </reporter-output>
        </test-method> <!-- validateCreateCustomerAPIWithValidSecretKey -->
        <test-method signature="validateCreateCustomerAPIWithValidSecretKey(java.util.Hashtable)[pri:0, instance:com.amit.APITestingFramework.testcases.CreateCustommerTest@25bc0606]" started-at="2020-05-07T09:29:14Z" name="validateCreateCustomerAPIWithValidSecretKey" data-provider="data" finished-at="2020-05-07T09:29:16Z" duration-ms="2236" status="PASS">
          <params>
            <param index="0">
              <value>
                <![CDATA[{email=corporate@way2automation.com, name=Raman Arora, description=Adding the Third Customer in Framework}]]>
              </value>
            </param>
          </params>
          <reporter-output>
          </reporter-output>
        </test-method> <!-- validateCreateCustomerAPIWithValidSecretKey -->
        <test-method signature="validateCreateCustomerAPIWithValidSecretKey(java.util.Hashtable)[pri:0, instance:com.amit.APITestingFramework.testcases.CreateCustommerTest@25bc0606]" started-at="2020-05-07T09:29:14Z" name="validateCreateCustomerAPIWithValidSecretKey" data-provider="data" finished-at="2020-05-07T09:29:16Z" duration-ms="2246" status="PASS">
          <params>
            <param index="0">
              <value>
                <![CDATA[{email=ishita@way2automation.com, name=Ishita Arora, description=Adding the forth Customer in framework}]]>
              </value>
            </param>
          </params>
          <reporter-output>
          </reporter-output>
        </test-method> <!-- validateCreateCustomerAPIWithValidSecretKey -->
        <test-method is-config="true" signature="tearDown()[pri:0, instance:com.amit.APITestingFramework.testcases.CreateCustommerTest@25bc0606]" started-at="2020-05-07T09:29:17Z" name="tearDown" finished-at="2020-05-07T09:29:17Z" duration-ms="0" status="PASS">
          <reporter-output>
          </reporter-output>
        </test-method> <!-- tearDown -->
      </class> <!-- com.amit.APITestingFramework.testcases.CreateCustommerTest -->
    </test> <!-- Create Customer API test -->
  </suite> <!-- Suite -->
</testng-results>
